<?xml version="1.0" encoding="UTF-8"?>
<!-- Generated by org.testng.reporters.JUnitReportReporter -->
<testsuite skipped="0" hostname="HYRINDDEV033" name="SumValidation" tests="1" failures="0" timestamp="2022-10-18T23:28:26 IST" time="2.473" errors="0">
  <testcase name="totalPrice" time="2.473" classname="SumValidation"/>
  <system-out/>
</testsuite> <!-- SumValidation -->
